<?xml version="1.0" encoding="UTF-8"?>
<!-- Generated by org.testng.reporters.JUnitReportReporter -->
<testsuite skipped="0" hostname="asher-PC" name="com.mycompany.framework.com.mycompany.framework.NewTest" tests="1" failures="0" timestamp="13 אוג 2017 04:24:01 GMT" time="14.935" errors="0">
  <testcase name="f" time="14.935" classname="com.mycompany.framework.com.mycompany.framework.NewTest"/>
</testsuite> <!-- com.mycompany.framework.com.mycompany.framework.NewTest -->
