<?xml version="1.0" encoding="UTF-8"?>
<!-- Generated by org.testng.reporters.JUnitReportReporter -->
<testsuite skipped="0" hostname="Asher-PC" name="com.mycompany.framework.com.mycompany.framework.NewTest" tests="1" failures="0" timestamp="17 Aug 2017 03:43:07 GMT" time="14.378" errors="0">
  <testcase name="f" time="14.378" classname="com.mycompany.framework.com.mycompany.framework.NewTest"/>
</testsuite> <!-- com.mycompany.framework.com.mycompany.framework.NewTest -->
