<?xml version="1.0" encoding="UTF-8"?>
<!-- Generated by org.testng.reporters.JUnitReportReporter -->
<testsuite hostname="Owner-PC" name="com.mycompany.framework.com.mycompany.framework.NewTest" tests="1" failures="0" timestamp="15 Aug 2017 20:58:45 GMT" time="13.591" errors="0">
  <testcase name="f" time="13.591" classname="com.mycompany.framework.com.mycompany.framework.NewTest"/>
</testsuite> <!-- com.mycompany.framework.com.mycompany.framework.NewTest -->
